<?xml version="1.0" encoding="UTF-8"?>
<testng-results skipped="0" failed="0" ignored="0" total="1" passed="1">
  <reporter-output>
  </reporter-output>
  <suite name="Default suite" duration-ms="6757" started-at="2017-05-24T04:46:07Z" finished-at="2017-05-24T04:46:14Z">
    <groups>
    </groups>
    <test name="Default test" duration-ms="6757" started-at="2017-05-24T04:46:07Z" finished-at="2017-05-24T04:46:14Z">
      <class name="com.testcases.GoogleDriverclass">
        <test-method status="PASS" signature="launchbrowser()[pri:0, instance:com.testcases.GoogleDriverclass@224edc67]" name="launchbrowser" is-config="true" duration-ms="5014" started-at="2017-05-24T00:46:02Z" finished-at="2017-05-24T00:46:07Z">
          <reporter-output>
          </reporter-output>
        </test-method> <!-- launchbrowser -->
        <test-method status="PASS" signature="verifyGooglesearch()[pri:0, instance:com.testcases.GoogleDriverclass@224edc67]" name="verifyGooglesearch" duration-ms="6713" started-at="2017-05-24T00:46:07Z" finished-at="2017-05-24T00:46:14Z">
          <reporter-output>
          </reporter-output>
        </test-method> <!-- verifyGooglesearch -->
        <test-method status="PASS" signature="closebrowser()[pri:0, instance:com.testcases.GoogleDriverclass@224edc67]" name="closebrowser" is-config="true" duration-ms="0" started-at="2017-05-24T00:46:14Z" finished-at="2017-05-24T00:46:14Z">
          <reporter-output>
          </reporter-output>
        </test-method> <!-- closebrowser -->
      </class> <!-- com.testcases.GoogleDriverclass -->
    </test> <!-- Default test -->
  </suite> <!-- Default suite -->
</testng-results>
